  main.c
c:\users\전진영\documents\visual studio 2015\projects\mh1631_제주도여행\mh1631_제주도여행\main.c(5): warning C4047: '초기화 중': 'char'의 간접 참조 수준이 'void *'과(와) 다릅니다.
c:\users\전진영\documents\visual studio 2015\projects\mh1631_제주도여행\mh1631_제주도여행\main.c(21): warning C4047: '=': 'char'의 간접 참조 수준이 'void *'과(와) 다릅니다.
c:\users\전진영\documents\visual studio 2015\projects\mh1631_제주도여행\mh1631_제주도여행\main.c(34): warning C4033: 'dfs'은(는) 값을 반환해야 합니다.
c:\users\전진영\documents\visual studio 2015\projects\mh1631_제주도여행\mh1631_제주도여행\main.c(30): warning C4101: 'timesum' :참조되지 않은 지역 변수입니다.
c:\users\전진영\documents\visual studio 2015\projects\mh1631_제주도여행\mh1631_제주도여행\main.c(30): warning C4101: 'tempin' :참조되지 않은 지역 변수입니다.
c:\users\전진영\documents\visual studio 2015\projects\mh1631_제주도여행\mh1631_제주도여행\main.c(29): warning C4101: 'j' :참조되지 않은 지역 변수입니다.
c:\users\전진영\documents\visual studio 2015\projects\mh1631_제주도여행\mh1631_제주도여행\main.c(56): warning C4996: 'freopen': This function or variable may be unsafe. Consider using freopen_s instead. To disable deprecation, use _CRT_SECURE_NO_WARNINGS. See online help for details.
  c:\program files (x86)\windows kits\10\include\10.0.10240.0\ucrt\stdio.h(240): note: 'freopen' 선언을 참조하십시오.
c:\users\전진영\documents\visual studio 2015\projects\mh1631_제주도여행\mh1631_제주도여행\main.c(58): warning C4996: 'scanf': This function or variable may be unsafe. Consider using scanf_s instead. To disable deprecation, use _CRT_SECURE_NO_WARNINGS. See online help for details.
  c:\program files (x86)\windows kits\10\include\10.0.10240.0\ucrt\stdio.h(1270): note: 'scanf' 선언을 참조하십시오.
c:\users\전진영\documents\visual studio 2015\projects\mh1631_제주도여행\mh1631_제주도여행\main.c(62): warning C4996: 'scanf': This function or variable may be unsafe. Consider using scanf_s instead. To disable deprecation, use _CRT_SECURE_NO_WARNINGS. See online help for details.
  c:\program files (x86)\windows kits\10\include\10.0.10240.0\ucrt\stdio.h(1270): note: 'scanf' 선언을 참조하십시오.
c:\users\전진영\documents\visual studio 2015\projects\mh1631_제주도여행\mh1631_제주도여행\main.c(70): warning C4996: 'scanf': This function or variable may be unsafe. Consider using scanf_s instead. To disable deprecation, use _CRT_SECURE_NO_WARNINGS. See online help for details.
  c:\program files (x86)\windows kits\10\include\10.0.10240.0\ucrt\stdio.h(1270): note: 'scanf' 선언을 참조하십시오.
c:\users\전진영\documents\visual studio 2015\projects\mh1631_제주도여행\mh1631_제주도여행\main.c(78): warning C4996: 'scanf': This function or variable may be unsafe. Consider using scanf_s instead. To disable deprecation, use _CRT_SECURE_NO_WARNINGS. See online help for details.
  c:\program files (x86)\windows kits\10\include\10.0.10240.0\ucrt\stdio.h(1270): note: 'scanf' 선언을 참조하십시오.
c:\users\전진영\documents\visual studio 2015\projects\mh1631_제주도여행\mh1631_제주도여행\main.c(83): warning C4996: 'scanf': This function or variable may be unsafe. Consider using scanf_s instead. To disable deprecation, use _CRT_SECURE_NO_WARNINGS. See online help for details.
  c:\program files (x86)\windows kits\10\include\10.0.10240.0\ucrt\stdio.h(1270): note: 'scanf' 선언을 참조하십시오.
c:\users\전진영\documents\visual studio 2015\projects\mh1631_제주도여행\mh1631_제주도여행\main.c(86): warning C4996: 'scanf': This function or variable may be unsafe. Consider using scanf_s instead. To disable deprecation, use _CRT_SECURE_NO_WARNINGS. See online help for details.
  c:\program files (x86)\windows kits\10\include\10.0.10240.0\ucrt\stdio.h(1270): note: 'scanf' 선언을 참조하십시오.
c:\users\전진영\documents\visual studio 2015\projects\mh1631_제주도여행\mh1631_제주도여행\main.c(87): warning C4996: 'scanf': This function or variable may be unsafe. Consider using scanf_s instead. To disable deprecation, use _CRT_SECURE_NO_WARNINGS. See online help for details.
  c:\program files (x86)\windows kits\10\include\10.0.10240.0\ucrt\stdio.h(1270): note: 'scanf' 선언을 참조하십시오.
c:\users\전진영\documents\visual studio 2015\projects\mh1631_제주도여행\mh1631_제주도여행\main.c(54): warning C4101: 'k' :참조되지 않은 지역 변수입니다.
c:\users\전진영\documents\visual studio 2015\projects\mh1631_제주도여행\mh1631_제주도여행\main.c(49): warning C4716: 'dfs': 값을 반환해야 합니다.
  MH1631_제주도여행.vcxproj -> c:\users\전진영\documents\visual studio 2015\Projects\MH1631_제주도여행\Debug\MH1631_제주도여행.exe
