  색칠하기.c
c:\users\전진영\documents\visual studio 2015\projects\자격시험_0709\자격시험_0709\색칠하기.c(14): warning C4996: 'freopen': This function or variable may be unsafe. Consider using freopen_s instead. To disable deprecation, use _CRT_SECURE_NO_WARNINGS. See online help for details.
  c:\program files (x86)\windows kits\10\include\10.0.10240.0\ucrt\stdio.h(240): note: 'freopen' 선언을 참조하십시오.
c:\users\전진영\documents\visual studio 2015\projects\자격시험_0709\자격시험_0709\색칠하기.c(15): warning C4996: 'setbuf': This function or variable may be unsafe. Consider using setvbuf instead. To disable deprecation, use _CRT_SECURE_NO_WARNINGS. See online help for details.
  c:\program files (x86)\windows kits\10\include\10.0.10240.0\ucrt\stdio.h(396): note: 'setbuf' 선언을 참조하십시오.
c:\users\전진영\documents\visual studio 2015\projects\자격시험_0709\자격시험_0709\색칠하기.c(16): warning C4996: 'scanf': This function or variable may be unsafe. Consider using scanf_s instead. To disable deprecation, use _CRT_SECURE_NO_WARNINGS. See online help for details.
  c:\program files (x86)\windows kits\10\include\10.0.10240.0\ucrt\stdio.h(1270): note: 'scanf' 선언을 참조하십시오.
c:\users\전진영\documents\visual studio 2015\projects\자격시험_0709\자격시험_0709\색칠하기.c(20): warning C4996: 'scanf': This function or variable may be unsafe. Consider using scanf_s instead. To disable deprecation, use _CRT_SECURE_NO_WARNINGS. See online help for details.
  c:\program files (x86)\windows kits\10\include\10.0.10240.0\ucrt\stdio.h(1270): note: 'scanf' 선언을 참조하십시오.
c:\users\전진영\documents\visual studio 2015\projects\자격시험_0709\자격시험_0709\색칠하기.c(24): warning C4996: 'scanf': This function or variable may be unsafe. Consider using scanf_s instead. To disable deprecation, use _CRT_SECURE_NO_WARNINGS. See online help for details.
  c:\program files (x86)\windows kits\10\include\10.0.10240.0\ucrt\stdio.h(1270): note: 'scanf' 선언을 참조하십시오.
c:\users\전진영\documents\visual studio 2015\projects\자격시험_0709\자격시험_0709\색칠하기.c(30): warning C4996: 'scanf': This function or variable may be unsafe. Consider using scanf_s instead. To disable deprecation, use _CRT_SECURE_NO_WARNINGS. See online help for details.
  c:\program files (x86)\windows kits\10\include\10.0.10240.0\ucrt\stdio.h(1270): note: 'scanf' 선언을 참조하십시오.
c:\users\전진영\documents\visual studio 2015\projects\자격시험_0709\자격시험_0709\색칠하기.c(9): warning C4101: 'B' :참조되지 않은 지역 변수입니다.
c:\users\전진영\documents\visual studio 2015\projects\자격시험_0709\자격시험_0709\색칠하기.c(12): warning C4101: 'result' :참조되지 않은 지역 변수입니다.
c:\users\전진영\documents\visual studio 2015\projects\자격시험_0709\자격시험_0709\색칠하기.c(12): warning C4101: 'sum' :참조되지 않은 지역 변수입니다.
c:\users\전진영\documents\visual studio 2015\projects\자격시험_0709\자격시험_0709\색칠하기.c(10): warning C4101: 'k' :참조되지 않은 지역 변수입니다.
c:\users\전진영\documents\visual studio 2015\projects\자격시험_0709\자격시험_0709\색칠하기.c(11): warning C4101: 'tall' :참조되지 않은 지역 변수입니다.
c:\users\전진영\documents\visual studio 2015\projects\자격시험_0709\자격시험_0709\색칠하기.c(60): warning C4700: 초기화되지 않은 'min' 지역 변수를 사용했습니다.
  자격시험_0709.vcxproj -> c:\users\전진영\documents\visual studio 2015\Projects\자격시험_0709\Debug\자격시험_0709.exe
