  소스.c
c:\users\전진영\documents\visual studio 2015\projects\영어텍스트변환\consoleapplication7\소스.c(29): warning C4013: 'gets'이(가) 정의되지 않았습니다. extern은 int형을 반환하는 것으로 간주합니다.
c:\users\전진영\documents\visual studio 2015\projects\영어텍스트변환\consoleapplication7\소스.c(37): warning C4047: '!=': 'int'의 간접 참조 수준이 'void *'과(와) 다릅니다.
c:\users\전진영\documents\visual studio 2015\projects\영어텍스트변환\consoleapplication7\소스.c(24): warning C4996: 'freopen': This function or variable may be unsafe. Consider using freopen_s instead. To disable deprecation, use _CRT_SECURE_NO_WARNINGS. See online help for details.
  c:\program files (x86)\windows kits\10\include\10.0.10240.0\ucrt\stdio.h(240): note: 'freopen' 선언을 참조하십시오.
c:\users\전진영\documents\visual studio 2015\projects\영어텍스트변환\consoleapplication7\소스.c(25): warning C4996: 'setbuf': This function or variable may be unsafe. Consider using setvbuf instead. To disable deprecation, use _CRT_SECURE_NO_WARNINGS. See online help for details.
  c:\program files (x86)\windows kits\10\include\10.0.10240.0\ucrt\stdio.h(396): note: 'setbuf' 선언을 참조하십시오.
c:\users\전진영\documents\visual studio 2015\projects\영어텍스트변환\consoleapplication7\소스.c(49): warning C4996: 'strcpy': This function or variable may be unsafe. Consider using strcpy_s instead. To disable deprecation, use _CRT_SECURE_NO_WARNINGS. See online help for details.
  c:\program files (x86)\windows kits\10\include\10.0.10240.0\ucrt\string.h(119): note: 'strcpy' 선언을 참조하십시오.
c:\users\전진영\documents\visual studio 2015\projects\영어텍스트변환\consoleapplication7\소스.c(53): warning C4996: 'strcpy': This function or variable may be unsafe. Consider using strcpy_s instead. To disable deprecation, use _CRT_SECURE_NO_WARNINGS. See online help for details.
  c:\program files (x86)\windows kits\10\include\10.0.10240.0\ucrt\string.h(119): note: 'strcpy' 선언을 참조하십시오.
c:\users\전진영\documents\visual studio 2015\projects\영어텍스트변환\consoleapplication7\소스.c(54): warning C4996: 'strcat': This function or variable may be unsafe. Consider using strcat_s instead. To disable deprecation, use _CRT_SECURE_NO_WARNINGS. See online help for details.
  c:\program files (x86)\windows kits\10\include\10.0.10240.0\ucrt\string.h(90): note: 'strcat' 선언을 참조하십시오.
c:\users\전진영\documents\visual studio 2015\projects\영어텍스트변환\consoleapplication7\소스.c(64): warning C4996: 'sprintf': This function or variable may be unsafe. Consider using sprintf_s instead. To disable deprecation, use _CRT_SECURE_NO_WARNINGS. See online help for details.
  c:\program files (x86)\windows kits\10\include\10.0.10240.0\ucrt\stdio.h(1769): note: 'sprintf' 선언을 참조하십시오.
c:\users\전진영\documents\visual studio 2015\projects\영어텍스트변환\consoleapplication7\소스.c(65): warning C4996: 'fopen': This function or variable may be unsafe. Consider using fopen_s instead. To disable deprecation, use _CRT_SECURE_NO_WARNINGS. See online help for details.
  c:\program files (x86)\windows kits\10\include\10.0.10240.0\ucrt\stdio.h(205): note: 'fopen' 선언을 참조하십시오.
c:\users\전진영\documents\visual studio 2015\projects\영어텍스트변환\consoleapplication7\소스.c(18): warning C4101: 'temp_i' :참조되지 않은 지역 변수입니다.
c:\users\전진영\documents\visual studio 2015\projects\영어텍스트변환\consoleapplication7\소스.c(17): warning C4101: 'm' :참조되지 않은 지역 변수입니다.
c:\users\전진영\documents\visual studio 2015\projects\영어텍스트변환\consoleapplication7\소스.c(16): warning C4101: 'M' :참조되지 않은 지역 변수입니다.
c:\users\전진영\documents\visual studio 2015\projects\영어텍스트변환\consoleapplication7\소스.c(14): warning C4101: 'test_case' :참조되지 않은 지역 변수입니다.
c:\users\전진영\documents\visual studio 2015\projects\영어텍스트변환\consoleapplication7\소스.c(16): warning C4101: 'N' :참조되지 않은 지역 변수입니다.
c:\users\전진영\documents\visual studio 2015\projects\영어텍스트변환\consoleapplication7\소스.c(17): warning C4101: 'l' :참조되지 않은 지역 변수입니다.
c:\users\전진영\documents\visual studio 2015\projects\영어텍스트변환\consoleapplication7\소스.c(17): warning C4101: 'j' :참조되지 않은 지역 변수입니다.
c:\users\전진영\documents\visual studio 2015\projects\영어텍스트변환\consoleapplication7\소스.c(15): warning C4101: 'T' :참조되지 않은 지역 변수입니다.
  ConsoleApplication7.vcxproj -> C:\Users\전진영\Documents\Visual Studio 2015\Projects\영어텍스트변환\Debug\ConsoleApplication7.exe
